// 重构日志: 2ebb9492
// 重构日志: 37f87359
// 重构日志: 7572bed3
// 重构日志: ffe5006b
// 重构日志: a106d59a
// 同步 ID: d56145c4 @ Wed Jul  8 05:26:10 UTC 2026
// 同步 ID: 0cc1aaba @ Wed Jul  8 15:25:58 UTC 2026
// 同步 ID: 1ce80802 @ Thu Jul  9 12:28:47 UTC 2026
// 重构日志: d40c0e80
// 同步 ID: eb832377 @ Fri Jul 10 02:44:32 UTC 2026
// 重构日志: e4dd7f6a
// 重构日志: 0a896da0
// 重构日志: c6b5cca1
// 重构日志: d39b8d7b
// 同步 ID: dd51df1e @ Sat Jul 11 11:01:29 UTC 2026
// 重构日志: 00a2ad6b
// 同步 ID: 868a9cc4 @ Sun Jul 12 06:02:20 UTC 2026
// 重构日志: bd77d164
// 重构日志: 4cdf1281
// 重构日志: 26cfb5ce
// 重构日志: 73137b4e
// 重构日志: 7a7fc8fc
// 重构日志: d8bdcb60
// 重构日志: 14210f70
// 同步 ID: 12f12d70 @ Thu Jul 16 02:09:38 UTC 2026
// 重构日志: 3ca04982
// 重构日志: 7b970842
// 重构日志: 642bad2d
// 重构日志: de9eb271
// 同步 ID: 3b2e219f @ Thu Jul 16 18:29:45 UTC 2026
// 重构日志: ad9d4c4d
